0 info it worked if it ends with ok
1 verbose cli [ 'C:\\Program Files\\nodejs\\node.exe',
1 verbose cli   'C:\\Program Files\\nodejs\\node_modules\\npm\\bin\\npm-cli.js',
1 verbose cli   'run',
1 verbose cli   'test' ]
2 info using npm@4.1.2
3 info using node@v7.7.0
4 verbose run-script [ 'pretest', 'test', 'posttest' ]
5 info lifecycle flattenizer@1.0.1~pretest: flattenizer@1.0.1
6 silly lifecycle flattenizer@1.0.1~pretest: no script for pretest, continuing
7 info lifecycle flattenizer@1.0.1~test: flattenizer@1.0.1
8 verbose lifecycle flattenizer@1.0.1~test: unsafe-perm in lifecycle true
9 verbose lifecycle flattenizer@1.0.1~test: PATH: C:\Users\sh032561\AppData\Roaming\nvm\v7.7.0\node_modules\npm\bin\node-gyp-bin;c:\github\flattenizer\node_modules\.bin;C:\windows\system32;C:\windows;C:\windows\System32\Wbem;C:\windows\System32\WindowsPowerShell\v1.0\;C:\Program Files\TortoiseSVN\bin;C:\PROGRA~1\Cerner;C:\Program Files (x86)\IBM\WebSphere MQ\bin64;C:\Program Files (x86)\IBM\WebSphere MQ\bin;C:\Program Files (x86)\IBM\WebSphere MQ\tools\c\samples\bin;C:\windows\system32\config\systemprofile\.dnx\bin;C:\Program Files\Microsoft DNX\Dnvm\;C:\Program Files\Microsoft SQL Server\130\Tools\Binn\;C:\Program Files (x86)\Windows Kits\8.1\Windows Performance Toolkit\;C:\HashiCorp\Vagrant\bin;C:\Program Files\Apache\apache-maven-3.3.9\bin;C:\Program Files\Microsoft SQL Server\110\Tools\Binn\;C:\Program Files (x86)\Microsoft SDKs\TypeScript\1.0\;C:\Program Files\Microsoft SQL Server\120\Tools\Binn\;C:\Program Files\Cerner;C:\Program Files (x86)\Windows Kits\10\Windows Performance Toolkit\;C:\Program Files\Git\cmd;C:\putty;C:\Program Files\TortoiseGit\bin;C:\Users\sh032561\AppData\Roaming\nvm;C:\Program Files\nodejs;C:\Users\sh032561\AppData\Local\Microsoft\WindowsApps;C:\Users\sh032561\AppData\Roaming\npm;C:\.babun\.babun;C:\Users\sh032561\AppData\Roaming\nvm;C:\Program Files\nodejs
10 verbose lifecycle flattenizer@1.0.1~test: CWD: c:\github\flattenizer
11 silly lifecycle flattenizer@1.0.1~test: Args: [ '/d /s /c', 'karma start' ]
12 silly lifecycle flattenizer@1.0.1~test: Returned: code: 1  signal: null
13 info lifecycle flattenizer@1.0.1~test: Failed to exec test script
14 verbose stack Error: flattenizer@1.0.1 test: `karma start`
14 verbose stack Exit status 1
14 verbose stack     at EventEmitter.<anonymous> (C:\Users\sh032561\AppData\Roaming\nvm\v7.7.0\node_modules\npm\lib\utils\lifecycle.js:279:16)
14 verbose stack     at emitTwo (events.js:106:13)
14 verbose stack     at EventEmitter.emit (events.js:194:7)
14 verbose stack     at ChildProcess.<anonymous> (C:\Users\sh032561\AppData\Roaming\nvm\v7.7.0\node_modules\npm\lib\utils\spawn.js:40:14)
14 verbose stack     at emitTwo (events.js:106:13)
14 verbose stack     at ChildProcess.emit (events.js:194:7)
14 verbose stack     at maybeClose (internal/child_process.js:899:16)
14 verbose stack     at Process.ChildProcess._handle.onexit (internal/child_process.js:226:5)
15 verbose pkgid flattenizer@1.0.1
16 verbose cwd c:\github\flattenizer
17 error Windows_NT 10.0.14393
18 error argv "C:\\Program Files\\nodejs\\node.exe" "C:\\Program Files\\nodejs\\node_modules\\npm\\bin\\npm-cli.js" "run" "test"
19 error node v7.7.0
20 error npm  v4.1.2
21 error code ELIFECYCLE
22 error flattenizer@1.0.1 test: `karma start`
22 error Exit status 1
23 error Failed at the flattenizer@1.0.1 test script 'karma start'.
23 error Make sure you have the latest version of node.js and npm installed.
23 error If you do, this is most likely a problem with the flattenizer package,
23 error not with npm itself.
23 error Tell the author that this fails on your system:
23 error     karma start
23 error You can get information on how to open an issue for this project with:
23 error     npm bugs flattenizer
23 error Or if that isn't available, you can get their info via:
23 error     npm owner ls flattenizer
23 error There is likely additional logging output above.
24 verbose exit [ 1, true ]
